0 info it worked if it ends with ok
1 verbose cli [ 'node', '/usr/bin/npm', 'install', '-g', 'express-generator' ]
2 info using npm@1.3.6
3 info using node@v0.10.48
4 verbose cache add [ 'express-generator', null ]
5 verbose cache add name=undefined spec="express-generator" args=["express-generator",null]
6 verbose parsed url { protocol: null,
6 verbose parsed url   slashes: null,
6 verbose parsed url   auth: null,
6 verbose parsed url   host: null,
6 verbose parsed url   port: null,
6 verbose parsed url   hostname: null,
6 verbose parsed url   hash: null,
6 verbose parsed url   search: null,
6 verbose parsed url   query: null,
6 verbose parsed url   pathname: 'express-generator',
6 verbose parsed url   path: 'express-generator',
6 verbose parsed url   href: 'express-generator' }
7 silly lockFile 198a68d8-express-generator express-generator
8 verbose lock express-generator /root/.npm/198a68d8-express-generator.lock
9 silly lockFile 198a68d8-express-generator express-generator
10 silly lockFile 198a68d8-express-generator express-generator
11 verbose addNamed [ 'express-generator', '' ]
12 verbose addNamed [ null, '*' ]
13 silly lockFile bd41e3d3-express-generator express-generator@
14 verbose lock express-generator@ /root/.npm/bd41e3d3-express-generator.lock
15 silly addNameRange { name: 'express-generator', range: '*', hasData: false }
16 verbose url raw express-generator
17 verbose url resolving [ 'https://registry.npmjs.org/', './express-generator' ]
18 verbose url resolved https://registry.npmjs.org/express-generator
19 info trying registry request attempt 1 at 20:14:46
20 http GET https://registry.npmjs.org/express-generator
21 info retry will retry, error on last attempt: Error: UNABLE_TO_GET_ISSUER_CERT_LOCALLY
22 info trying registry request attempt 2 at 20:14:56
23 http GET https://registry.npmjs.org/express-generator
24 info retry will retry, error on last attempt: Error: UNABLE_TO_GET_ISSUER_CERT_LOCALLY
25 info trying registry request attempt 3 at 20:15:56
26 http GET https://registry.npmjs.org/express-generator
27 silly lockFile bd41e3d3-express-generator express-generator@
28 silly lockFile bd41e3d3-express-generator express-generator@
29 error Error: UNABLE_TO_GET_ISSUER_CERT_LOCALLY
29 error     at SecurePair.<anonymous> (tls.js:1430:32)
29 error     at SecurePair.emit (events.js:92:17)
29 error     at SecurePair.maybeInitFinished (tls.js:1029:10)
29 error     at CleartextStream.read [as _read] (tls.js:521:13)
29 error     at CleartextStream.Readable.read (_stream_readable.js:341:10)
29 error     at EncryptedStream.write [as _write] (tls.js:418:25)
29 error     at doWrite (_stream_writable.js:226:10)
29 error     at writeOrBuffer (_stream_writable.js:216:5)
29 error     at EncryptedStream.Writable.write (_stream_writable.js:183:11)
29 error     at write (_stream_readable.js:602:24)
30 error If you need help, you may report this log at:
30 error     <http://github.com/isaacs/npm/issues>
30 error or email it to:
30 error     <npm-@googlegroups.com>
31 error System Linux 4.14.62-65.117.amzn1.x86_64
32 error command "node" "/usr/bin/npm" "install" "-g" "express-generator"
33 error cwd /var/www/html
34 error node -v v0.10.48
35 error npm -v 1.3.6
36 verbose exit [ 1, true ]
